<?xml version="1.0" encoding="UTF-8"?>
<!-- Generated by org.testng.reporters.JUnitReportReporter -->
<testsuite hostname="Prasad" failures="0" tests="1" name="testcases.CreateAccountTest" time="27.658" errors="0" timestamp="2024-02-20T19:26:43 IST" skipped="0">
  <testcase classname="testcases.CreateAccountTest" name="createAccountTest" time="27.658"/>
</testsuite> <!-- testcases.CreateAccountTest -->
