<?xml version="1.0" encoding="UTF-8"?>
<!-- Generated by org.testng.reporters.JUnitReportReporter -->
<testsuite hostname="Prasad" failures="0" tests="1" name="testcases.LoginTest" time="5.304" errors="0" timestamp="2024-02-20T19:26:43 IST" skipped="0">
  <testcase classname="testcases.LoginTest" name="loginTest" time="5.304"/>
</testsuite> <!-- testcases.LoginTest -->
