<?xml version="1.0" encoding="UTF-8"?>
<!-- Generated by org.testng.reporters.JUnitReportReporter -->
<testsuite hostname="Prasad" failures="0" tests="1" name="testcases.LoginTest" time="7.378" errors="0" timestamp="2024-02-20T19:58:38 IST" skipped="0">
  <testcase classname="testcases.LoginTest" name="loginTest" time="7.378"/>
</testsuite> <!-- testcases.LoginTest -->
